C:\USERS\TAEZ-STKYOHT\DOCUMENTS\DERS\BLG440\PROJE 2\DERS7\DERS7\DEBUG\DERS7.EXE
C:\USERS\TAEZ-STKYOHT\DOCUMENTS\DERS\BLG440\PROJE 2\DERS7\DERS7\DEBUG\DERS7.ILK
C:\USERS\TAEZ-STKYOHT\DOCUMENTS\DERS\BLG440\PROJE 2\DERS7\DERS7\DEBUG\DERS7.PDB
C:\USERS\TAEZ-STKYOHT\DOCUMENTS\DERS\BLG440\PROJE 2\DERS7\DERS7\DERS7\DEBUG\DERS7.EXE.INTERMEDIATE.MANIFEST
C:\USERS\TAEZ-STKYOHT\DOCUMENTS\DERS\BLG440\PROJE 2\DERS7\DERS7\DERS7\DEBUG\MAIN.OBJ
C:\USERS\TAEZ-STKYOHT\DOCUMENTS\DERS\BLG440\PROJE 2\DERS7\DERS7\DERS7\DEBUG\VC100.PDB
C:\USERS\TAEZ-STKYOHT\DOCUMENTS\DERS\BLG440\PROJE 3\DERS7\DEBUG\DERS7.EXE
C:\Users\TaeZ-Stkyoht\Documents\Ders\Blg440\Proje 3\Ders7\Debug\Ders7.ilk
C:\USERS\TAEZ-STKYOHT\DOCUMENTS\DERS\BLG440\PROJE 3\DERS7\DEBUG\DERS7.PDB
C:\Users\TaeZ-Stkyoht\Documents\Ders\Blg440\Proje 3\Ders7\Ders7\Debug\cl.command.1.tlog
C:\Users\TaeZ-Stkyoht\Documents\Ders\Blg440\Proje 3\Ders7\Ders7\Debug\CL.read.1.tlog
C:\Users\TaeZ-Stkyoht\Documents\Ders\Blg440\Proje 3\Ders7\Ders7\Debug\CL.write.1.tlog
C:\Users\TaeZ-Stkyoht\Documents\Ders\Blg440\Proje 3\Ders7\Ders7\Debug\Ders7.exe.intermediate.manifest
C:\Users\TaeZ-Stkyoht\Documents\Ders\Blg440\Proje 3\Ders7\Ders7\Debug\Ders7.vcxprojResolveAssemblyReference.cache
C:\Users\TaeZ-Stkyoht\Documents\Ders\Blg440\Proje 3\Ders7\Ders7\Debug\Ders7.write.1.tlog
C:\Users\TaeZ-Stkyoht\Documents\Ders\Blg440\Proje 3\Ders7\Ders7\Debug\link.command.1.tlog
C:\Users\TaeZ-Stkyoht\Documents\Ders\Blg440\Proje 3\Ders7\Ders7\Debug\link.read.1.tlog
C:\Users\TaeZ-Stkyoht\Documents\Ders\Blg440\Proje 3\Ders7\Ders7\Debug\link.write.1.tlog
C:\Users\TaeZ-Stkyoht\Documents\Ders\Blg440\Proje 3\Ders7\Ders7\Debug\main.obj
C:\Users\TaeZ-Stkyoht\Documents\Ders\Blg440\Proje 3\Ders7\Ders7\Debug\mt.command.1.tlog
C:\Users\TaeZ-Stkyoht\Documents\Ders\Blg440\Proje 3\Ders7\Ders7\Debug\mt.read.1.tlog
C:\Users\TaeZ-Stkyoht\Documents\Ders\Blg440\Proje 3\Ders7\Ders7\Debug\mt.write.1.tlog
C:\Users\TaeZ-Stkyoht\Documents\Ders\Blg440\Proje 3\Ders7\Ders7\Debug\vc100.idb
C:\USERS\TAEZ-STKYOHT\DOCUMENTS\DERS\BLG440\PROJE 3\DERS7\DERS7\DEBUG\VC100.PDB
